<?xml version="1.0" encoding="UTF-8"?>
<!-- Generated by org.testng.reporters.JUnitReportReporter -->
<testsuite hostname="Bala-PC" failures="0" tests="4" name="saucelabpackage.SauceLabTestcase" time="22.347" errors="0" timestamp="2022-02-09T18:08:31 EST" skipped="0">
  <testcase classname="saucelabpackage.SauceLabTestcase" name="verifySearch" time="5.405"/>
  <system-out/>
  <testcase classname="saucelabpackage.SauceLabTestcase" name="verifySearch" time="6.543"/>
  <system-out/>
  <testcase classname="saucelabpackage.SauceLabTestcase" name="verifySearch" time="6.494"/>
  <system-out/>
  <testcase classname="saucelabpackage.SauceLabTestcase" name="verifySearch" time="3.905"/>
  <system-out/>
</testsuite> <!-- saucelabpackage.SauceLabTestcase -->
